2023-09-28 19:09:54,685 [restartedMain] INFO  com.example.Welcome1Application                    - Starting Welcome1Application using Java 1.8.0_202 on LAPTOP-T8VHRV8C with PID 4256 (C:\Users\navya\Documents\workspace_1\WELCOME1\target\classes started by navya in C:\Users\navya\Documents\workspace_1\WELCOME1)
2023-09-28 19:09:54,688 [restartedMain] INFO  com.example.Welcome1Application                    - No active profile set, falling back to 1 default profile: "default"
2023-09-28 19:09:54,750 [restartedMain] INFO  o.s.b.d.e.DevToolsPropertyDefaultsPostProcessor    - Devtools property defaults active! Set 'spring.devtools.add-properties' to 'false' to disable
2023-09-28 19:09:54,751 [restartedMain] INFO  o.s.b.d.e.DevToolsPropertyDefaultsPostProcessor    - For additional web related logging consider setting the 'logging.level.web' property to 'DEBUG'
2023-09-28 19:09:55,858 [restartedMain] INFO  o.s.b.w.embedded.tomcat.TomcatWebServer            - Tomcat initialized with port(s): 9091 (http)
2023-09-28 19:09:55,869 [restartedMain] INFO  o.apache.coyote.http11.Http11NioProtocol           - Initializing ProtocolHandler ["http-nio-9091"]
2023-09-28 19:09:55,871 [restartedMain] INFO  org.apache.catalina.core.StandardService           - Starting service [Tomcat]
2023-09-28 19:09:55,871 [restartedMain] INFO  org.apache.catalina.core.StandardEngine            - Starting Servlet engine: [Apache Tomcat/9.0.80]
2023-09-28 19:09:55,952 [restartedMain] INFO  o.a.c.c.C.[Tomcat].[localhost].[/]                 - Initializing Spring embedded WebApplicationContext
2023-09-28 19:09:55,952 [restartedMain] INFO  o.s.b.w.s.c.ServletWebServerApplicationContext     - Root WebApplicationContext: initialization completed in 1194 ms
2023-09-28 19:09:56,338 [restartedMain] INFO  o.s.b.d.a.OptionalLiveReloadServer                 - LiveReload server is running on port 35729
2023-09-28 19:09:56,355 [restartedMain] INFO  o.apache.coyote.http11.Http11NioProtocol           - Starting ProtocolHandler ["http-nio-9091"]
2023-09-28 19:09:56,375 [restartedMain] INFO  o.s.b.w.embedded.tomcat.TomcatWebServer            - Tomcat started on port(s): 9091 (http) with context path ''
2023-09-28 19:09:56,386 [restartedMain] INFO  com.example.Welcome1Application                    - Started Welcome1Application in 2.133 seconds (JVM running for 3.267)
2023-09-28 19:10:01,530 [http-nio-9091-exec-1] INFO  o.a.c.c.C.[Tomcat].[localhost].[/]                 - Initializing Spring DispatcherServlet 'dispatcherServlet'
2023-09-28 19:10:01,531 [http-nio-9091-exec-1] INFO  o.s.web.servlet.DispatcherServlet                  - Initializing Servlet 'dispatcherServlet'
2023-09-28 19:10:01,532 [http-nio-9091-exec-1] INFO  o.s.web.servlet.DispatcherServlet                  - Completed initialization in 1 ms
2023-09-28 19:10:01,568 [http-nio-9091-exec-1] INFO  c.e.restController.WelcomeRestContoller1           - getWelcomeMethod execution Started
2023-09-28 19:10:01,569 [http-nio-9091-exec-1] ERROR c.e.restController.WelcomeRestContoller1           - Exception Occured/ by zero
2023-09-28 19:10:01,569 [http-nio-9091-exec-1] INFO  c.e.restController.WelcomeRestContoller1           - getWelcomeMethod execution Ended
2023-09-28 19:10:03,522 [http-nio-9091-exec-4] INFO  c.e.restController.GreatRestController             - greetMethod Execution Started
2023-09-28 19:10:03,523 [http-nio-9091-exec-4] INFO  c.e.restController.GreatRestController             - greetMethod Execution Ended
2023-09-28 19:15:05,726 [File Watcher] INFO  o.s.b.d.a.LocalDevToolsAutoConfiguration$RestartingClassPathChangeChangedEventListener - Restarting due to 8 class path changes (0 additions, 3 deletions, 5 modifications)
2023-09-28 19:15:06,075 [Thread-7] INFO  o.apache.coyote.http11.Http11NioProtocol           - Pausing ProtocolHandler ["http-nio-9091"]
2023-09-28 19:15:06,075 [Thread-7] INFO  org.apache.catalina.core.StandardService           - Stopping service [Tomcat]
2023-09-28 19:15:06,077 [Thread-7] INFO  o.a.c.c.C.[Tomcat].[localhost].[/]                 - Destroying Spring FrameworkServlet 'dispatcherServlet'
2023-09-28 19:15:06,083 [Thread-7] INFO  o.apache.coyote.http11.Http11NioProtocol           - Stopping ProtocolHandler ["http-nio-9091"]
2023-09-28 19:15:06,086 [Thread-7] INFO  o.apache.coyote.http11.Http11NioProtocol           - Destroying ProtocolHandler ["http-nio-9091"]
2023-09-28 19:15:06,268 [restartedMain] INFO  com.example.Welcome1Application                    - Starting Welcome1Application using Java 1.8.0_202 on LAPTOP-T8VHRV8C with PID 4256 (C:\Users\navya\Documents\workspace_1\WELCOME1\target\classes started by navya in C:\Users\navya\Documents\workspace_1\WELCOME1)
2023-09-28 19:15:06,268 [restartedMain] INFO  com.example.Welcome1Application                    - No active profile set, falling back to 1 default profile: "default"
2023-09-28 19:15:06,561 [restartedMain] INFO  o.s.b.w.embedded.tomcat.TomcatWebServer            - Tomcat initialized with port(s): 9091 (http)
2023-09-28 19:15:06,562 [restartedMain] INFO  o.apache.coyote.http11.Http11NioProtocol           - Initializing ProtocolHandler ["http-nio-9091"]
2023-09-28 19:15:06,562 [restartedMain] INFO  org.apache.catalina.core.StandardService           - Starting service [Tomcat]
2023-09-28 19:15:06,563 [restartedMain] INFO  org.apache.catalina.core.StandardEngine            - Starting Servlet engine: [Apache Tomcat/9.0.80]
2023-09-28 19:15:06,580 [restartedMain] INFO  o.a.c.c.C.[Tomcat].[localhost].[/]                 - Initializing Spring embedded WebApplicationContext
2023-09-28 19:15:06,580 [restartedMain] INFO  o.s.b.w.s.c.ServletWebServerApplicationContext     - Root WebApplicationContext: initialization completed in 307 ms
2023-09-28 19:15:06,659 [restartedMain] INFO  o.s.b.d.a.OptionalLiveReloadServer                 - LiveReload server is running on port 35729
2023-09-28 19:15:06,666 [restartedMain] INFO  o.apache.coyote.http11.Http11NioProtocol           - Starting ProtocolHandler ["http-nio-9091"]
2023-09-28 19:15:06,670 [restartedMain] INFO  o.s.b.w.embedded.tomcat.TomcatWebServer            - Tomcat started on port(s): 9091 (http) with context path ''
2023-09-28 19:15:06,673 [restartedMain] INFO  com.example.Welcome1Application                    - Started Welcome1Application in 0.446 seconds (JVM running for 313.555)
2023-09-28 19:15:06,678 [restartedMain] INFO  o.s.b.d.a.ConditionEvaluationDeltaLoggingListener  - Condition evaluation unchanged
2023-09-28 19:15:07,143 [main] INFO  o.s.b.t.c.SpringBootTestContextBootstrapper        - Neither @ContextConfiguration nor @ContextHierarchy found for test class [com.example.Welcome1ApplicationTests], using SpringBootContextLoader
2023-09-28 19:15:07,152 [main] INFO  o.s.t.c.support.AbstractContextLoader              - Could not detect default resource locations for test class [com.example.Welcome1ApplicationTests]: no resource found for suffixes {-context.xml, Context.groovy}.
2023-09-28 19:15:07,153 [main] INFO  o.s.t.c.s.AnnotationConfigContextLoaderUtils       - Could not detect default configuration classes for test class [com.example.Welcome1ApplicationTests]: Welcome1ApplicationTests does not declare any static, non-private, non-final, nested classes annotated with @Configuration.
2023-09-28 19:15:07,333 [main] INFO  o.s.b.t.c.SpringBootTestContextBootstrapper        - Found @SpringBootConfiguration com.example.Welcome1Application for test class com.example.Welcome1ApplicationTests
2023-09-28 19:15:07,485 [main] INFO  o.s.b.t.c.SpringBootTestContextBootstrapper        - Loaded default TestExecutionListener class names from location [META-INF/spring.factories]: [org.springframework.boot.test.mock.mockito.MockitoTestExecutionListener, org.springframework.boot.test.mock.mockito.ResetMocksTestExecutionListener, org.springframework.boot.test.autoconfigure.restdocs.RestDocsTestExecutionListener, org.springframework.boot.test.autoconfigure.web.client.MockRestServiceServerResetTestExecutionListener, org.springframework.boot.test.autoconfigure.web.servlet.MockMvcPrintOnlyOnFailureTestExecutionListener, org.springframework.boot.test.autoconfigure.web.servlet.WebDriverTestExecutionListener, org.springframework.boot.test.autoconfigure.webservices.client.MockWebServiceServerTestExecutionListener, org.springframework.test.context.web.ServletTestExecutionListener, org.springframework.test.context.support.DirtiesContextBeforeModesTestExecutionListener, org.springframework.test.context.event.ApplicationEventsTestExecutionListener, org.springframework.test.context.support.DependencyInjectionTestExecutionListener, org.springframework.test.context.support.DirtiesContextTestExecutionListener, org.springframework.test.context.transaction.TransactionalTestExecutionListener, org.springframework.test.context.jdbc.SqlScriptsTestExecutionListener, org.springframework.test.context.event.EventPublishingTestExecutionListener]
2023-09-28 19:15:07,506 [main] INFO  o.s.b.t.c.SpringBootTestContextBootstrapper        - Using TestExecutionListeners: [org.springframework.test.context.web.ServletTestExecutionListener@22f59fa, org.springframework.test.context.support.DirtiesContextBeforeModesTestExecutionListener@78fa769e, org.springframework.test.context.event.ApplicationEventsTestExecutionListener@16612a51, org.springframework.boot.test.mock.mockito.MockitoTestExecutionListener@54e041a4, org.springframework.boot.test.autoconfigure.SpringBootDependencyInjectionTestExecutionListener@2c78324b, org.springframework.test.context.support.DirtiesContextTestExecutionListener@79defdc, org.springframework.test.context.event.EventPublishingTestExecutionListener@18317edc, org.springframework.boot.test.mock.mockito.ResetMocksTestExecutionListener@4e0ae11f, org.springframework.boot.test.autoconfigure.restdocs.RestDocsTestExecutionListener@238d68ff, org.springframework.boot.test.autoconfigure.web.client.MockRestServiceServerResetTestExecutionListener@4b86805d, org.springframework.boot.test.autoconfigure.web.servlet.MockMvcPrintOnlyOnFailureTestExecutionListener@5852c06f, org.springframework.boot.test.autoconfigure.web.servlet.WebDriverTestExecutionListener@4149c063, org.springframework.boot.test.autoconfigure.webservices.client.MockWebServiceServerTestExecutionListener@9cb8225]
2023-09-28 19:15:07,937 [main] INFO  com.example.Welcome1ApplicationTests               - Starting Welcome1ApplicationTests using Java 1.8.0_202 on LAPTOP-T8VHRV8C with PID 14460 (started by navya in C:\Users\navya\Documents\workspace_1\WELCOME1)
2023-09-28 19:15:07,937 [main] INFO  com.example.Welcome1ApplicationTests               - No active profile set, falling back to 1 default profile: "default"
2023-09-28 19:15:09,602 [main] INFO  com.example.Welcome1ApplicationTests               - Started Welcome1ApplicationTests in 2.042 seconds (JVM running for 3.533)
2023-09-28 19:54:52,995 [File Watcher] INFO  o.s.b.d.a.LocalDevToolsAutoConfiguration$RestartingClassPathChangeChangedEventListener - Restarting due to 1 class path change (0 additions, 0 deletions, 1 modification)
2023-09-28 19:54:53,306 [Thread-13] INFO  o.apache.coyote.http11.Http11NioProtocol           - Pausing ProtocolHandler ["http-nio-9091"]
2023-09-28 19:54:53,306 [Thread-13] INFO  org.apache.catalina.core.StandardService           - Stopping service [Tomcat]
2023-09-28 19:54:53,315 [Thread-13] INFO  o.apache.coyote.http11.Http11NioProtocol           - Stopping ProtocolHandler ["http-nio-9091"]
2023-09-28 19:54:53,321 [Thread-13] INFO  o.apache.coyote.http11.Http11NioProtocol           - Destroying ProtocolHandler ["http-nio-9091"]
2023-09-28 19:55:11,302 [restartedMain] INFO  com.example.Welcome1Application                    - Starting Welcome1Application using Java 1.8.0_202 on LAPTOP-T8VHRV8C with PID 4256 (C:\Users\navya\Documents\workspace_1\WELCOME1\target\classes started by navya in C:\Users\navya\Documents\workspace_1\WELCOME1)
2023-09-28 19:55:11,302 [restartedMain] INFO  com.example.Welcome1Application                    - No active profile set, falling back to 1 default profile: "default"
2023-09-28 19:55:11,512 [restartedMain] INFO  o.s.b.w.embedded.tomcat.TomcatWebServer            - Tomcat initialized with port(s): 9091 (http)
2023-09-28 19:55:11,513 [restartedMain] INFO  org.apache.catalina.core.StandardService           - Starting service [Tomcat]
2023-09-28 19:55:11,514 [restartedMain] INFO  org.apache.catalina.core.StandardEngine            - Starting Servlet engine: [Apache Tomcat/9.0.80]
2023-09-28 19:55:11,527 [restartedMain] INFO  o.a.c.c.C.[Tomcat].[localhost].[/]                 - Initializing Spring embedded WebApplicationContext
2023-09-28 19:55:11,528 [restartedMain] INFO  o.s.b.w.s.c.ServletWebServerApplicationContext     - Root WebApplicationContext: initialization completed in 223 ms
2023-09-28 19:55:11,598 [restartedMain] INFO  o.s.b.d.a.OptionalLiveReloadServer                 - LiveReload server is running on port 35729
2023-09-28 19:55:11,608 [restartedMain] INFO  o.s.b.w.embedded.tomcat.TomcatWebServer            - Tomcat started on port(s): 9091 (http) with context path ''
2023-09-28 19:55:11,615 [restartedMain] INFO  com.example.Welcome1Application                    - Started Welcome1Application in 0.353 seconds (JVM running for 2718.496)
2023-09-28 19:55:11,617 [restartedMain] INFO  o.s.b.d.a.ConditionEvaluationDeltaLoggingListener  - Condition evaluation unchanged
2023-09-28 19:55:36,874 [RMI TCP Connection(59)-127.0.0.1] INFO  o.s.b.a.SpringApplicationAdminMXBeanRegistrar$SpringApplicationAdmin - Application shutdown requested.
2023-09-28 19:55:37,125 [RMI TCP Connection(59)-127.0.0.1] INFO  org.apache.catalina.core.StandardService           - Stopping service [Tomcat]
2023-09-28 19:56:18,920 [main] INFO  o.s.b.t.c.SpringBootTestContextBootstrapper        - Neither @ContextConfiguration nor @ContextHierarchy found for test class [com.example.Welcome1ApplicationTests], using SpringBootContextLoader
2023-09-28 19:56:18,929 [main] INFO  o.s.t.c.support.AbstractContextLoader              - Could not detect default resource locations for test class [com.example.Welcome1ApplicationTests]: no resource found for suffixes {-context.xml, Context.groovy}.
2023-09-28 19:56:18,930 [main] INFO  o.s.t.c.s.AnnotationConfigContextLoaderUtils       - Could not detect default configuration classes for test class [com.example.Welcome1ApplicationTests]: Welcome1ApplicationTests does not declare any static, non-private, non-final, nested classes annotated with @Configuration.
2023-09-28 19:56:19,100 [main] INFO  o.s.b.t.c.SpringBootTestContextBootstrapper        - Found @SpringBootConfiguration com.example.Welcome1Application for test class com.example.Welcome1ApplicationTests
2023-09-28 19:56:19,249 [main] INFO  o.s.b.t.c.SpringBootTestContextBootstrapper        - Loaded default TestExecutionListener class names from location [META-INF/spring.factories]: [org.springframework.boot.test.mock.mockito.MockitoTestExecutionListener, org.springframework.boot.test.mock.mockito.ResetMocksTestExecutionListener, org.springframework.boot.test.autoconfigure.restdocs.RestDocsTestExecutionListener, org.springframework.boot.test.autoconfigure.web.client.MockRestServiceServerResetTestExecutionListener, org.springframework.boot.test.autoconfigure.web.servlet.MockMvcPrintOnlyOnFailureTestExecutionListener, org.springframework.boot.test.autoconfigure.web.servlet.WebDriverTestExecutionListener, org.springframework.boot.test.autoconfigure.webservices.client.MockWebServiceServerTestExecutionListener, org.springframework.test.context.web.ServletTestExecutionListener, org.springframework.test.context.support.DirtiesContextBeforeModesTestExecutionListener, org.springframework.test.context.event.ApplicationEventsTestExecutionListener, org.springframework.test.context.support.DependencyInjectionTestExecutionListener, org.springframework.test.context.support.DirtiesContextTestExecutionListener, org.springframework.test.context.transaction.TransactionalTestExecutionListener, org.springframework.test.context.jdbc.SqlScriptsTestExecutionListener, org.springframework.test.context.event.EventPublishingTestExecutionListener]
2023-09-28 19:56:19,271 [main] INFO  o.s.b.t.c.SpringBootTestContextBootstrapper        - Using TestExecutionListeners: [org.springframework.test.context.web.ServletTestExecutionListener@22f59fa, org.springframework.test.context.support.DirtiesContextBeforeModesTestExecutionListener@78fa769e, org.springframework.test.context.event.ApplicationEventsTestExecutionListener@16612a51, org.springframework.boot.test.mock.mockito.MockitoTestExecutionListener@54e041a4, org.springframework.boot.test.autoconfigure.SpringBootDependencyInjectionTestExecutionListener@2c78324b, org.springframework.test.context.support.DirtiesContextTestExecutionListener@79defdc, org.springframework.test.context.event.EventPublishingTestExecutionListener@18317edc, org.springframework.boot.test.mock.mockito.ResetMocksTestExecutionListener@4e0ae11f, org.springframework.boot.test.autoconfigure.restdocs.RestDocsTestExecutionListener@238d68ff, org.springframework.boot.test.autoconfigure.web.client.MockRestServiceServerResetTestExecutionListener@4b86805d, org.springframework.boot.test.autoconfigure.web.servlet.MockMvcPrintOnlyOnFailureTestExecutionListener@5852c06f, org.springframework.boot.test.autoconfigure.web.servlet.WebDriverTestExecutionListener@4149c063, org.springframework.boot.test.autoconfigure.webservices.client.MockWebServiceServerTestExecutionListener@9cb8225]
2023-09-28 19:56:19,719 [main] INFO  com.example.Welcome1ApplicationTests               - Starting Welcome1ApplicationTests using Java 1.8.0_202 on LAPTOP-T8VHRV8C with PID 23440 (started by navya in C:\Users\navya\Documents\workspace_1\WELCOME1)
2023-09-28 19:56:19,720 [main] INFO  com.example.Welcome1ApplicationTests               - No active profile set, falling back to 1 default profile: "default"
2023-09-28 19:56:21,449 [main] INFO  com.example.Welcome1ApplicationTests               - Started Welcome1ApplicationTests in 2.123 seconds (JVM running for 3.549)
